<?xml version="1.0" encoding="UTF-8"?>
<testsuite name="dara.dara.AppTest" tests="1" skipped="0" failures="0" errors="0" timestamp="2025-06-04T04:36:23.075Z" hostname="DEEKSHA" time="0.003">
  <properties/>
  <testcase name="testApp" classname="dara.dara.AppTest" time="0.003"/>
  <system-out><![CDATA[]]></system-out>
  <system-err><![CDATA[]]></system-err>
</testsuite>
